<?xml version="1.0" encoding="UTF-8"?>
<testsuite name="casino.cashier.CashierTest" tests="1" skipped="0" failures="0" errors="0" timestamp="2020-10-22T19:21:59" hostname="LAPTOP-1J11B0F5" time="2.264">
  <properties/>
  <testcase name="CashierCanRetrieveGamblerCardAndInformBetLoggingAuthority" classname="casino.cashier.CashierTest" time="2.264"/>
  <system-out><![CDATA[]]></system-out>
  <system-err><![CDATA[]]></system-err>
</testsuite>
