<?xml version="1.0" encoding="UTF-8"?>
<testsuite name="casino.cashier.CashierTest" tests="1" skipped="0" failures="0" errors="0" timestamp="2020-10-20T21:17:17" hostname="LAPTOP-1J11B0F5" time="1.769">
  <properties/>
  <testcase name="CashierCanHandGamblerCardAndInformBetLoggingAuthority" classname="casino.cashier.CashierTest" time="1.769"/>
  <system-out><![CDATA[]]></system-out>
  <system-err><![CDATA[]]></system-err>
</testsuite>
