<?xml version="1.0" encoding="UTF-8"?>
<testsuite name="casino.game.AbstractGameTest" tests="1" skipped="0" failures="0" errors="0" timestamp="2020-10-25T17:48:13" hostname="DESKTOP-PIAKFOI" time="0.023">
  <properties/>
  <testcase name="AbstractGameCanBeConstructed" classname="casino.game.AbstractGameTest" time="0.023"/>
  <system-out><![CDATA[]]></system-out>
  <system-err><![CDATA[]]></system-err>
</testsuite>
