<?xml version="1.0" encoding="UTF-8"?>
<testsuite name="casino.gamingmachine.GamingMachineTest" tests="11" skipped="0" failures="0" errors="0" timestamp="2020-10-25T17:48:14" hostname="DESKTOP-PIAKFOI" time="0.042">
  <properties/>
  <testcase name="ShouldConnectCardToAGamingMachine" classname="casino.gamingmachine.GamingMachineTest" time="0.038"/>
  <testcase name="ShouldEmptyListAfterAround" classname="casino.gamingmachine.GamingMachineTest" time="0.0"/>
  <testcase name="ShouldNotBeAbleToPlaceBetWithNoCard" classname="casino.gamingmachine.GamingMachineTest" time="0.001"/>
  <testcase name="ShouldProduceConfirmationIfBetPlacedSuccessfully" classname="casino.gamingmachine.GamingMachineTest" time="0.0"/>
  <testcase name="ShouldNotDisconnectCardFromAGamingMachineWithActiveBet" classname="casino.gamingmachine.GamingMachineTest" time="0.0"/>
  <testcase name="ShouldNotBeAbleToPlaceBetWithNoConnectedCard" classname="casino.gamingmachine.GamingMachineTest" time="0.001"/>
  <testcase name="ShouldNotBeAbleToMakeBetWithInvalidAmount" classname="casino.gamingmachine.GamingMachineTest" time="0.0"/>
  <testcase name="FAILED_TEST_WITH_EXPLANATION" classname="casino.gamingmachine.GamingMachineTest" time="0.001"/>
  <testcase name="ShouldKeepTrackOfBetsPlacedOnThisMachineThisRound" classname="casino.gamingmachine.GamingMachineTest" time="0.0"/>
  <testcase name="ShouldNotBeAbleToMakeBetWithInsufficientAmount" classname="casino.gamingmachine.GamingMachineTest" time="0.0"/>
  <testcase name="ShouldDisconnectCardFromAGamingMachine" classname="casino.gamingmachine.GamingMachineTest" time="0.0"/>
  <system-out><![CDATA[]]></system-out>
  <system-err><![CDATA[]]></system-err>
</testsuite>
