<?xml version="1.0" encoding="UTF-8"?>
<testsuite name="casino.game.BettingRoundTest" tests="2" skipped="0" failures="0" errors="0" timestamp="2020-10-25T17:48:13" hostname="DESKTOP-PIAKFOI" time="0.001">
  <properties/>
  <testcase name="BettingRoundCanPlaceABet" classname="casino.game.BettingRoundTest" time="0.0"/>
  <testcase name="BettingRoundCannotPlaceANullBet" classname="casino.game.BettingRoundTest" time="0.0"/>
  <system-out><![CDATA[]]></system-out>
  <system-err><![CDATA[]]></system-err>
</testsuite>
