<?xml version="1.0" encoding="UTF-8"?>
<testsuite name="casino.cashier.CashierTest" tests="1" skipped="0" failures="0" errors="0" timestamp="2020-10-22T20:07:07" hostname="LAPTOP-1J11B0F5" time="2.374">
  <properties/>
  <testcase name="CashierCanAddMoneyBalanceWithMockedGamblerCard" classname="casino.cashier.CashierTest" time="2.374"/>
  <system-out><![CDATA[]]></system-out>
  <system-err><![CDATA[]]></system-err>
</testsuite>
