<?xml version="1.0" encoding="UTF-8"?>
<testsuite name="casino.game.AbstractGameTest" tests="1" skipped="0" failures="0" errors="0" timestamp="2020-10-21T21:17:05" hostname="LAPTOP-1J11B0F5" time="2.273">
  <properties/>
  <testcase name="AbstractGameCanBeConstructed" classname="casino.game.AbstractGameTest" time="2.273"/>
  <system-out><![CDATA[]]></system-out>
  <system-err><![CDATA[]]></system-err>
</testsuite>
