<?xml version="1.0" encoding="UTF-8"?>
<testsuite name="casino.game.DefaultGameTest" tests="7" skipped="0" failures="0" errors="0" timestamp="2020-10-25T17:48:13" hostname="DESKTOP-PIAKFOI" time="0.006">
  <properties/>
  <testcase name="CheckIfNewBettingRoundStart" classname="casino.game.DefaultGameTest" time="0.003"/>
  <testcase name="acceptBetSuccessfully" classname="casino.game.DefaultGameTest" time="0.0"/>
  <testcase name="CheckIfBettingRoundFinishedUnSuccessfully" classname="casino.game.DefaultGameTest" time="0.001"/>
  <testcase name="determineWinnerUnSuccessfullyAndSizeIsZero" classname="casino.game.DefaultGameTest" time="0.0"/>
  <testcase name="determineWinnerSuccessfully" classname="casino.game.DefaultGameTest" time="0.0"/>
  <testcase name="acceptBetUnSuccessfully" classname="casino.game.DefaultGameTest" time="0.0"/>
  <testcase name="CheckIfBettingRoundFinishedSuccessfully" classname="casino.game.DefaultGameTest" time="0.0"/>
  <system-out><![CDATA[]]></system-out>
  <system-err><![CDATA[]]></system-err>
</testsuite>
