<?xml version="1.0" encoding="UTF-8"?>
<testsuite name="casino.idfactory.BetIDTest" tests="1" skipped="0" failures="0" errors="0" timestamp="2020-10-25T17:48:14" hostname="DESKTOP-PIAKFOI" time="0.0">
  <properties/>
  <testcase name="IDFactoryCanCreateBetID" classname="casino.idfactory.BetIDTest" time="0.0"/>
  <system-out><![CDATA[]]></system-out>
  <system-err><![CDATA[]]></system-err>
</testsuite>
